Arguments: 
  /data/data/com.termux/files/usr/bin/node /data/data/com.termux/files/usr/bin/yarn dev

PATH: 
  /data/data/com.termux/files/usr/bin:/data/data/com.termux/files/usr/bin/applets

Yarn version: 
  1.22.17

Node version: 
  12.13.0

Platform: 
  android arm

Trace: 
  SyntaxError: /data/data/com.termux/files/home/nlw4-nodejs/crud-api-rest-typeorm/package.json: Unexpected string in JSON at position 152
      at JSON.parse (<anonymous>)
      at /data/data/com.termux/files/usr/lib/node_modules/yarn/lib/cli.js:1625:59
      at Generator.next (<anonymous>)
      at step (/data/data/com.termux/files/usr/lib/node_modules/yarn/lib/cli.js:310:30)
      at /data/data/com.termux/files/usr/lib/node_modules/yarn/lib/cli.js:321:13

npm manifest: 
  {
    "name": "crud-api-rest-typeorm",
    "version": "1.0.0",
    "main": "index.js",
    "scripts":{
      "dev":"nodemon --exec ts-node ./src/server.ts"
    }
    "license": "MIT"
  }

yarn manifest: 
  No manifest

Lockfile: 
  No lockfile
